<?xml version="1.0" encoding="UTF-8"?>
<!-- Generated by org.testng.reporters.JUnitReportReporter -->
<testsuite hostname="kedar" failures="0" tests="4" name="pom.TestClass" time="67.683" errors="0" timestamp="2023-01-05T19:15:42 IST" skipped="3">
  <testcase classname="pom.TestClass" name="iframeTest" time="67.683"/>
  <system-out/>
  <testcase classname="pom.TestClass" name="getDataFromExcelSheet">
    <skipped/>
  </testcase> <!-- getDataFromExcelSheet -->
  <system-out/>
  <testcase classname="pom.TestClass" name="SelectbyIndex">
    <skipped/>
  </testcase> <!-- SelectbyIndex -->
  <system-out/>
  <testcase classname="pom.TestClass" name="openMavenWebsite">
    <skipped/>
  </testcase> <!-- openMavenWebsite -->
  <system-out/>
</testsuite> <!-- pom.TestClass -->
