<?xml version="1.0" encoding="UTF-8"?>
<!-- Generated by org.testng.reporters.JUnitReportReporter -->
<testsuite hostname="kedar" failures="0" tests="4" name="logical.PriorityWithTestNG" time="0.017" errors="0" timestamp="2023-01-23T12:24:04 IST" skipped="0">
  <testcase classname="logical.PriorityWithTestNG" name="Test2" time="0.012"/>
  <system-out/>
  <testcase classname="logical.PriorityWithTestNG" name="Test1" time="0.002"/>
  <system-out/>
  <testcase classname="logical.PriorityWithTestNG" name="Test" time="0.001"/>
  <system-out/>
  <testcase classname="logical.PriorityWithTestNG" name="Test3" time="0.002"/>
  <system-out/>
</testsuite> <!-- logical.PriorityWithTestNG -->
